This is e-upTeX, Version 3.141592653-p4.1.1-u1.30-230214-2.6 (utf8.sjis) (TeX Live 2024) (preloaded format=platex 2025.2.5)  15 FEB 2025 20:16
entering extended mode
 restricted \write18 enabled.
 file:line:error style messages enabled.
 %&-line parsing enabled.
**c:/Users/d2030/OneDrive/デスクトップ/2024_Hamaguchi_Graduation-Thesis/2024_hamaguchi_graduationthesis.tex
(c:/Users/d2030/OneDrive/デスクトップ/2024_Hamaguchi_Graduation-Thesis/2024_hamaguchi_graduationthesis.tex
pLaTeX2e <2023-02-14>+1, based on
LaTeX2e <2024-11-01> patch level 2
L3 programming layer <2025-01-18>
(c:/texlive/2024/texmf-dist/tex/platex/base/jarticle.cls
Document Class: jarticle 2020/09/30 v1.8f Standard pLaTeX class
\c@@paper=\count195
(c:/texlive/2024/texmf-dist/tex/platex/base/jsize11.clo
File: jsize11.clo 2020/09/30 v1.8f Standard pLaTeX file (size option)
)
\c@part=\count196
\c@section=\count197
\c@subsection=\count198
\c@subsubsection=\count199
\c@paragraph=\count266
\c@subparagraph=\count267
\c@figure=\count268
\c@table=\count269
\abovecaptionskip=\skip49
\belowcaptionskip=\skip50
\symmincho=\mathgroup4
LaTeX Font Info:    Overwriting symbol font `mincho' in version `bold'
(Font)                  JY1/mc/m/n --> JY1/gt/m/n on input line 615.
\toclineskip=\dimen157
\@lnumwidth=\dimen158
\bibindent=\dimen159
\heisei=\count270
) (c:/texlive/2024/texmf-dist/tex/latex/graphics/graphicx.sty
Package: graphicx 2021/09/16 v1.2d Enhanced LaTeX Graphics (DPC,SPQR)
 (c:/texlive/2024/texmf-dist/tex/latex/graphics/keyval.sty
Package: keyval 2022/05/29 v1.15 key=value parser (DPC)
\KV@toks@=\toks18
) (c:/texlive/2024/texmf-dist/tex/latex/graphics/graphics.sty
Package: graphics 2024/08/06 v1.4g Standard LaTeX Graphics (DPC,SPQR)
 (c:/texlive/2024/texmf-dist/tex/latex/graphics/trig.sty
Package: trig 2023/12/02 v1.11 sin cos tan (DPC)
) (c:/texlive/2024/texmf-dist/tex/latex/graphics-cfg/graphics.cfg
File: graphics.cfg 2016/06/04 v1.11 sample graphics configuration
)
Package graphics Info: Driver file: dvipdfmx.def on input line 106.
 (c:/texlive/2024/texmf-dist/tex/latex/graphics-def/dvipdfmx.def
File: dvipdfmx.def 2022/09/22 v5.0m Graphics/color driver for dvipdfmx
))
\Gin@req@height=\dimen160
\Gin@req@width=\dimen161
) (./sty/fancyheadings.sty
\headrulewidth=\dimen162
\footrulewidth=\dimen163
\plainheadrulewidth=\dimen164
\plainfootrulewidth=\dimen165
\headwidth=\dimen166
) (./sty/sotsuron2009.sty) (c:/texlive/2024/texmf-dist/tex/latex/here/here.sty) (c:/texlive/2024/texmf-dist/tex/latex/float/float.sty
Package: float 2001/11/08 v1.3d Float enhancements (AL)
\c@float@type=\count271
\float@exts=\toks19
\float@box=\box69
\@float@everytoks=\toks20
\@floatcapt=\box70
) (c:/texlive/2024/texmf-dist/tex/latex/ascmac/ascmac.sty
Package: ascmac 2020/01/15 v2.1 ascmac wrapper (community edition) 
 (c:/texlive/2024/texmf-dist/tex/latex/ascmac/tascmac.sty
Package: tascmac 2020/01/15 v2.1 ascmac package (community edition) 
\@savetbaselineshift=\dimen167
\@saveybaselineshift=\dimen168
\scb@x=\box71
\scscb@x=\box72
\@bw=\dimen169
\@nbox=\box73
\@nbody=\box74
\@scw=\dimen170
\ascmac@hoboxa=\box75
\ascmac@hoboxb=\box76
\@itemh=\dimen171
\@iboxpos=\toks21
\@iboxstr=\box77
\@bwsp=\box78
\@@bwsp=\box79
\@bcal=\count272
\shaderule=\dimen172
)) (c:/texlive/2024/texmf-dist/tex/latex/caption/subcaption.sty
Package: subcaption 2023/07/28 v1.6b Sub-captions (AR)
 (c:/texlive/2024/texmf-dist/tex/latex/caption/caption.sty
Package: caption 2023/08/05 v3.6o Customizing captions (AR)
 (c:/texlive/2024/texmf-dist/tex/latex/caption/caption3.sty
Package: caption3 2023/07/31 v2.4d caption3 kernel (AR)
\caption@tempdima=\dimen173
\captionmargin=\dimen174
\caption@leftmargin=\dimen175
\caption@rightmargin=\dimen176
\caption@width=\dimen177
\caption@indent=\dimen178
\caption@parindent=\dimen179
\caption@hangindent=\dimen180
Package caption Info: Unknown document class (or package),
(caption)             standard defaults will be used.
Package caption Info: \@makecaption = \long macro:#1#2->\vskip \abovecaptionskip \iftdir \sbox \@tempboxa {#1\hskip 1zw#2}\else \sbox \@tempboxa {#1: #2}\fi \ifdim \wd \@tempboxa >\hsize \iftdir #1\hskip 1zw#2\relax \par \else #1: #2\relax \par \fi \else \global \@minipagefalse \hb@xt@ \hsize {\hfil \box \@tempboxa \hfil }\fi \vskip \belowcaptionskip  on input line 1175.
)

Package caption Warning: Unknown document class (or package),
(caption)                standard defaults will be used.
See the caption package documentation for explanation.

\c@caption@flags=\count273
\c@continuedfloat=\count274
Package caption Info: float package is loaded.
)
Package caption Info: New subtype `subfigure' on input line 238.
\c@subfigure=\count275
Package caption Info: New subtype `subtable' on input line 238.
\c@subtable=\count276
) (c:/texlive/2024/texmf-dist/tex/latex/cite/cite.sty
LaTeX Info: Redefining \cite on input line 302.
LaTeX Info: Redefining \nocite on input line 332.
Package: cite 2015/02/27  v 5.5
) (c:/texlive/2024/texmf-dist/tex/latex/amsmath/amsmath.sty
Package: amsmath 2024/11/05 v2.17t AMS math features
\@mathmargin=\skip51

For additional information on amsmath, use the `?' option.
(c:/texlive/2024/texmf-dist/tex/latex/amsmath/amstext.sty
Package: amstext 2021/08/26 v2.01 AMS text
 (c:/texlive/2024/texmf-dist/tex/latex/amsmath/amsgen.sty
File: amsgen.sty 1999/11/30 v2.0 generic functions
\@emptytoks=\toks22
\ex@=\dimen181
)) (c:/texlive/2024/texmf-dist/tex/latex/amsmath/amsbsy.sty
Package: amsbsy 1999/11/29 v1.2d Bold Symbols
\pmbraise@=\dimen182
) (c:/texlive/2024/texmf-dist/tex/latex/amsmath/amsopn.sty
Package: amsopn 2022/04/08 v2.04 operator names
)
\inf@bad=\count277
LaTeX Info: Redefining \frac on input line 233.
\uproot@=\count278
\leftroot@=\count279
LaTeX Info: Redefining \overline on input line 398.
LaTeX Info: Redefining \colon on input line 409.
\classnum@=\count280
\DOTSCASE@=\count281
LaTeX Info: Redefining \ldots on input line 495.
LaTeX Info: Redefining \dots on input line 498.
LaTeX Info: Redefining \cdots on input line 619.
\Mathstrutbox@=\box80
\strutbox@=\box81
LaTeX Info: Redefining \big on input line 721.
LaTeX Info: Redefining \Big on input line 722.
LaTeX Info: Redefining \bigg on input line 723.
LaTeX Info: Redefining \Bigg on input line 724.
\big@size=\dimen183
LaTeX Font Info:    Redeclaring font encoding OML on input line 742.
LaTeX Font Info:    Redeclaring font encoding OMS on input line 743.
\macc@depth=\count282
LaTeX Info: Redefining \bmod on input line 904.
LaTeX Info: Redefining \pmod on input line 909.
LaTeX Info: Redefining \smash on input line 939.
LaTeX Info: Redefining \relbar on input line 969.
LaTeX Info: Redefining \Relbar on input line 970.
\c@MaxMatrixCols=\count283
\dotsspace@=\muskip17
\c@parentequation=\count284
\dspbrk@lvl=\count285
\tag@help=\toks23
\row@=\count286
\column@=\count287
\maxfields@=\count288
\andhelp@=\toks24
\eqnshift@=\dimen184
\alignsep@=\dimen185
\tagshift@=\dimen186
\tagwidth@=\dimen187
\totwidth@=\dimen188
\lineht@=\dimen189
\@envbody=\toks25
\multlinegap=\skip52
\multlinetaggap=\skip53
\mathdisplay@stack=\toks26
LaTeX Info: Redefining \[ on input line 2953.
LaTeX Info: Redefining \] on input line 2954.
) (c:/texlive/2024/texmf-dist/tex/latex/tools/bm.sty
Package: bm 2023/12/19 v1.2f Bold Symbol Support (DPC/FMi)
\symboldoperators=\mathgroup5
\symboldletters=\mathgroup6
\symboldsymbols=\mathgroup7
Package bm Info: No bold for \OMX/cmex/m/n, using \pmb.
\symboldmincho=\mathgroup8
LaTeX Font Info:    Redeclaring math alphabet \mathbf on input line 149.
) (c:/texlive/2024/texmf-dist/tex/latex/comment/comment.sty
\CommentStream=\write3
 Excluding comment 'comment') (c:/texlive/2024/texmf-dist/tex/latex/setspace/setspace.sty
Package: setspace 2022/12/04 v6.7b set line spacing
) (c:/texlive/2024/texmf-dist/tex/latex/autobreak/autobreak.sty
Package: autobreak 2017/02/23 v0.3 simple line breaking of long formulae
\everybeforeautobreak=\toks27
\everyafterautobreak=\toks28
\@autobreak@alltoks=\toks29
\@autobreak@linetoks=\toks30
\@autobreak@lhswidth=\dimen190
\@autobreak@rhswidth=\dimen191
\@autobreak@maxlhswidth=\dimen192
\@autobreak@realmaxlhswidth=\dimen193
\@autobreak@maxrhswidth=\dimen194
\c@@autobreak@eqnindex=\count289
\c@@autobreak@subeqnindex=\count290
) (c:/texlive/2024/texmf-dist/tex/latex/pdfpages/pdfpages.sty
Package: pdfpages 2025/01/30 v0.6e Insert pages of external PDF documents (AM)
 (c:/texlive/2024/texmf-dist/tex/latex/base/ifthen.sty
Package: ifthen 2024/03/16 v1.1e Standard LaTeX ifthen package (DPC)
) (c:/texlive/2024/texmf-dist/tex/latex/tools/calc.sty
Package: calc 2023/07/08 v4.3 Infix arithmetic (KKT,FJ)
\calc@Acount=\count291
\calc@Bcount=\count292
\calc@Adimen=\dimen195
\calc@Bdimen=\dimen196
\calc@Askip=\skip54
\calc@Bskip=\skip55
LaTeX Info: Redefining \setlength on input line 80.
LaTeX Info: Redefining \addtolength on input line 81.
\calc@Ccount=\count293
\calc@Cskip=\skip56
) (c:/texlive/2024/texmf-dist/tex/latex/eso-pic/eso-pic.sty
Package: eso-pic 2023/05/03 v3.0c eso-pic (RN)
\ESO@tempdima=\dimen197
\ESO@tempdimb=\dimen198
 (c:/texlive/2024/texmf-dist/tex/latex/xcolor/xcolor.sty
Package: xcolor 2024/09/29 v3.02 LaTeX color extensions (UK)
 (c:/texlive/2024/texmf-dist/tex/latex/graphics-cfg/color.cfg
File: color.cfg 2016/01/02 v1.6 sample color configuration
)
Package xcolor Info: Driver file: dvipdfmx.def on input line 274.
 (c:/texlive/2024/texmf-dist/tex/latex/graphics/mathcolor.ltx)
Package xcolor Info: Model `cmy' substituted by `cmy0' on input line 1349.
Package xcolor Info: Model `RGB' extended on input line 1365.
Package xcolor Info: Model `HTML' substituted by `rgb' on input line 1367.
Package xcolor Info: Model `Hsb' substituted by `hsb' on input line 1368.
Package xcolor Info: Model `tHsb' substituted by `hsb' on input line 1369.
Package xcolor Info: Model `HSB' substituted by `hsb' on input line 1370.
Package xcolor Info: Model `Gray' substituted by `gray' on input line 1371.
Package xcolor Info: Model `wave' substituted by `hsb' on input line 1372.
)) (c:/texlive/2024/texmf-dist/tex/latex/etoolbox/etoolbox.sty
Package: etoolbox 2020/10/05 v2.5k e-TeX tools for LaTeX (JAW)
\etb@tempcnta=\count294
)
\AM@pagewidth=\dimen199
\AM@pageheight=\dimen256
\AM@fboxrule=\dimen257
 (c:/texlive/2024/texmf-dist/tex/latex/pdfpages/ppdvipdfmx.def
File: ppdvipdfmx.def 2025/01/30 v0.6e Pdfpages driver for dvipdfmx (AM)
)
\pdfpages@includegraphics@status=\count295
\AM@pagebox=\box82
\AM@global@opts=\toks31
\AM@pagecnt=\count296
\AM@toc@title=\toks32
\AM@lof@heading=\toks33
\c@AM@survey=\count297
\AM@templatesizebox=\box83
) (c:/texlive/2024/texmf-dist/tex/latex/l3backend/l3backend-dvipdfmx.def
File: l3backend-dvipdfmx.def 2024-05-08 L3 backend support: dvipdfmx
\g__graphics_track_int=\count298
\l__pdf_internal_box=\box84
\g__pdf_backend_annotation_int=\count299
\g__pdf_backend_link_int=\count300
) (./2024_hamaguchi_graduationthesis.aux (./chapters/abstract.aux) (./chapters/abstract_english.aux) (./chapters/introduction.aux) (./chapters/sec2.aux) (./chapters/sec3.aux) (./chapters/sec4.aux) (./chapters/sec5.aux) (./chapters/conclusion.aux) (./chapters/acknowledgement.aux) (./chapters/bibliography.aux))
\openout1 = `2024_hamaguchi_graduationthesis.aux'.

LaTeX Font Info:    Checking defaults for OML/cmm/m/it on input line 34.
LaTeX Font Info:    ... okay on input line 34.
LaTeX Font Info:    Checking defaults for OMS/cmsy/m/n on input line 34.
LaTeX Font Info:    ... okay on input line 34.
LaTeX Font Info:    Checking defaults for OT1/cmr/m/n on input line 34.
LaTeX Font Info:    ... okay on input line 34.
LaTeX Font Info:    Checking defaults for T1/cmr/m/n on input line 34.
LaTeX Font Info:    ... okay on input line 34.
LaTeX Font Info:    Checking defaults for TS1/cmr/m/n on input line 34.
LaTeX Font Info:    ... okay on input line 34.
LaTeX Font Info:    Checking defaults for OMX/cmex/m/n on input line 34.
LaTeX Font Info:    ... okay on input line 34.
LaTeX Font Info:    Checking defaults for U/cmr/m/n on input line 34.
LaTeX Font Info:    ... okay on input line 34.
LaTeX Font Info:    Checking defaults for JY1/mc/m/n on input line 34.
LaTeX Font Info:    ... okay on input line 34.
LaTeX Font Info:    Checking defaults for JT1/mc/m/n on input line 34.
LaTeX Font Info:    ... okay on input line 34.
Package caption Info: Begin \AtBeginDocument code.
Package caption Info: End \AtBeginDocument code.
 (c:/texlive/2024/texmf-dist/tex/latex/pdflscape/pdflscape.sty
Package: pdflscape 2022-10-27 v0.13 Display of landscape pages in PDF
 (c:/texlive/2024/texmf-dist/tex/latex/pdflscape/pdflscape-nometadata.sty
Package: pdflscape-nometadata 2022-10-28 v0.13 Display of landscape pages in PDF (HO)
 (c:/texlive/2024/texmf-dist/tex/generic/iftex/iftex.sty
Package: iftex 2024/12/12 v1.0g TeX engine tests
) (c:/texlive/2024/texmf-dist/tex/latex/graphics/lscape.sty
Package: lscape 2020/05/28 v3.02 Landscape Pages (DPC)
)))
Package pdfpages Info: Running extractbb on file `hyoushi.pdf' on input line 35.
File: hyoushi.pdf Graphic file (type pdf)
<hyoushi.pdf>
File: hyoushi.pdf Graphic file (type pdf)
<hyoushi.pdf>
File: hyoushi.pdf Graphic file (type pdf)
<hyoushi.pdf>
File: hyoushi.pdf Graphic file (type pdf)
<hyoushi.pdf>


File: hyoushi.pdf Graphic file (type pdf)
<hyoushi.pdf>
[1


]
\openout2 = `chapters/abstract.aux'.

 (./chapters/abstract.tex
LaTeX Font Info:    Font shape `JT1/mc/bx/n' in size <14.4> not available
(Font)              Font shape `JT1/gt/m/n' tried instead on input line 2.
LaTeX Font Info:    Font shape `JY1/mc/bx/n' in size <14.4> not available
(Font)              Font shape `JY1/gt/m/n' tried instead on input line 2.
)

[2

]
\openout2 = `chapters/abstract_english.aux'.

 (./chapters/abstract_english.tex)

[3



] (./2024_hamaguchi_graduationthesis.toc
LaTeX Font Info:    Font shape `JT1/mc/bx/n' in size <10.95> not available
(Font)              Font shape `JT1/gt/m/n' tried instead on input line 1.
LaTeX Font Info:    Font shape `JY1/mc/bx/n' in size <10.95> not available
(Font)              Font shape `JY1/gt/m/n' tried instead on input line 1.
)
\tf@toc=\write4
\openout4 = `2024_hamaguchi_graduationthesis.toc'.



[4


]
\openout2 = `chapters/introduction.aux'.

 (./chapters/introduction.tex)


Overfull \vbox (16.5851pt too high) has occurred while \output is active []

 [1

]
\openout2 = `chapters/sec2.aux'.

 (./chapters/sec2.tex
LaTeX Font Info:    Font shape `JT1/mc/bx/n' in size <12> not available
(Font)              Font shape `JT1/gt/m/n' tried instead on input line 4.
LaTeX Font Info:    Font shape `JY1/mc/bx/n' in size <12> not available
(Font)              Font shape `JY1/gt/m/n' tried instead on input line 4.
File: image/MPA_kousei.png Graphic file (type bmp)
<image/MPA_kousei.png>
File: image/MPA_dousa.png Graphic file (type bmp)
<image/MPA_dousa.png>
File: image/hikaku.jpg Graphic file (type bmp)
<image/hikaku.jpg>
File: image/kinkokkaku.JPG Graphic file (type bmp)
<image/kinkokkaku.JPG>
File: image/takoJPG.JPG Graphic file (type bmp)
<image/takoJPG.JPG>
File: image/robot_scale.JPG Graphic file (type bmp)
<image/robot_scale.JPG>
File: image/mosiki.JPG Graphic file (type bmp)
<image/mosiki.JPG>
File: image/move1all.png Graphic file (type bmp)
<image/move1all.png>
File: image/move2all.png Graphic file (type bmp)
<image/move2all.png>



Overfull \vbox (16.5851pt too high) has occurred while \output is active []

 [2



])


Overfull \vbox (16.5851pt too high) has occurred while \output is active []

 [3]


Overfull \vbox (16.5851pt too high) has occurred while \output is active []

 [4]
\openout2 = `chapters/sec3.aux'.

 (./chapters/sec3.tex
File: image/apearance3_1.png Graphic file (type bmp)
<image/apearance3_1.png>
File: image/kokkaku.png Graphic file (type bmp)
<image/kokkaku.png>
File: image/ujo.JPG Graphic file (type bmp)
<image/ujo.JPG>
File: image/degree_jikken.png Graphic file (type bmp)
<image/degree_jikken.png>
File: image/setukanmaku.jpg Graphic file (type bmp)
<image/setukanmaku.jpg>



Overfull \vbox (16.5851pt too high) has occurred while \output is active []

 [5



]
File: image/model_1.jpg Graphic file (type bmp)
<image/model_1.jpg>
File: image/model_2.jpg Graphic file (type bmp)
<image/model_2.jpg>



Overfull \vbox (16.5851pt too high) has occurred while \output is active []

 [6]


Overfull \vbox (16.5851pt too high) has occurred while \output is active []

 [7]
File: image/model_2_open.jpg Graphic file (type bmp)
<image/model_2_open.jpg>
File: image/model_2_close.jpg Graphic file (type bmp)
<image/model_2_close.jpg>
)


Overfull \vbox (16.5851pt too high) has occurred while \output is active []

 [8]


Overfull \vbox (16.5851pt too high) has occurred while \output is active []

 [9]
\openout2 = `chapters/sec4.aux'.

 (./chapters/sec4.tex
File: image/MPA_tanbu_1_1.jpg Graphic file (type bmp)
<image/MPA_tanbu_1_1.jpg>
File: image/MPA_tanbu_1_2.jpg Graphic file (type bmp)
<image/MPA_tanbu_1_2.jpg>
File: image/MPA_tanbu_2_2.jpg Graphic file (type bmp)
<image/MPA_tanbu_2_2.jpg>
File: image/MPA_tanbu_2_1.jpg Graphic file (type bmp)
<image/MPA_tanbu_2_1.jpg>
File: image/tanbubuhin.png Graphic file (type bmp)
<image/tanbubuhin.png>
File: image/MPA_cap.png Graphic file (type bmp)
<image/MPA_cap.png>



Overfull \vbox (16.5851pt too high) has occurred while \output is active []

 [10



]


Overfull \vbox (16.5851pt too high) has occurred while \output is active []

 [11]
File: image/messhu_hikaku_1.jpg Graphic file (type bmp)
<image/messhu_hikaku_1.jpg>
File: image/messhu_hikaku_2.jpg Graphic file (type bmp)
<image/messhu_hikaku_2.jpg>
File: image/hikaku_MPA_1.jpg Graphic file (type bmp)
<image/hikaku_MPA_1.jpg>
File: image/hikaku_MPA_2.jpg Graphic file (type bmp)
<image/hikaku_MPA_2.jpg>
File: image/messhu_tejyun.jpg Graphic file (type bmp)
<image/messhu_tejyun.jpg>



Overfull \vbox (16.5851pt too high) has occurred while \output is active []

 [12

]


Overfull \vbox (16.5851pt too high) has occurred while \output is active []

 [13]
File: image/ujyoukin.jpg Graphic file (type bmp)
<image/ujyoukin.jpg>
File: image/syuseki_1.JPG Graphic file (type bmp)
<image/syuseki_1.JPG>
File: image/air_moshiki.png Graphic file (type bmp)
<image/air_moshiki.png>
File: image/tanbu_parts.jpg Graphic file (type bmp)
<image/tanbu_parts.jpg>
File: image/MPA_irast.jpg Graphic file (type bmp)
<image/MPA_irast.jpg>
File: image/asenburi_tanbu.png Graphic file (type bmp)
<image/asenburi_tanbu.png>
File: image/real_tanbu.jpg Graphic file (type bmp)
<image/real_tanbu.jpg>

Underfull \hbox (badness 10000) in paragraph at lines 216--243
[][]$[]$[] []$[]$[]
 []

File: image/uyjoukin_new.jpg Graphic file (type bmp)
<image/uyjoukin_new.jpg>
File: image/chousetu_MPA.jpg Graphic file (type bmp)
<image/chousetu_MPA.jpg>
File: image/wansetu_MPA.jpg Graphic file (type bmp)
<image/wansetu_MPA.jpg>
File: image/zensetu_MPA.jpg Graphic file (type bmp)
<image/zensetu_MPA.jpg>

Underfull \hbox (badness 2653) in paragraph at lines 268--288
[][] []
 []




Overfull \vbox (16.5851pt too high) has occurred while \output is active []

 [14

])


Overfull \vbox (16.5851pt too high) has occurred while \output is active []

 [15]


Overfull \vbox (16.5851pt too high) has occurred while \output is active []

 [16]
\openout2 = `chapters/sec5.aux'.

 (./chapters/sec5.tex
File: image/jikki_2.png Graphic file (type bmp)
<image/jikki_2.png>
File: image/marker.jpg Graphic file (type bmp)
<image/marker.jpg>



Overfull \vbox (16.5851pt too high) has occurred while \output is active []

 [17



]
File: image/chousetu-wansetu_edited.png Graphic file (type bmp)
<image/chousetu-wansetu_edited.png>
File: image/wansetu-zensetu_edited.png Graphic file (type bmp)
<image/wansetu-zensetu_edited.png>
File: image/zensetu-sisetu_edited.png Graphic file (type bmp)
<image/zensetu-sisetu_edited.png>
File: image/kadouiki_graph.jpg Graphic file (type bmp)
<image/kadouiki_graph.jpg>



Overfull \vbox (16.5851pt too high) has occurred while \output is active []

 [18]


Overfull \vbox (16.5851pt too high) has occurred while \output is active []

 [19]
File: image/kenkotei.jpg Graphic file (type bmp)
<image/kenkotei.jpg>
File: image/moshiki_edited.png Graphic file (type bmp)
<image/moshiki_edited.png>
File: image/model_jikki_defference.png Graphic file (type bmp)
<image/model_jikki_defference.png>
)


Overfull \vbox (16.5851pt too high) has occurred while \output is active []

 [20

]
\openout2 = `chapters/conclusion.aux'.

 (./chapters/conclusion.tex)


Overfull \vbox (16.5851pt too high) has occurred while \output is active []

 [21



]
\openout2 = `chapters/acknowledgement.aux'.

 (./chapters/acknowledgement.tex)


Overfull \vbox (16.5851pt too high) has occurred while \output is active []

 [22



]
\openout2 = `chapters/bibliography.aux'.

 (./chapters/bibliography.tex (./2024_hamaguchi_graduationthesis.bbl
LaTeX Font Info:    Kanji font shape `JY1/gt/m/it' undefined
(Font)              No change on input line 26.
LaTeX Font Info:    Kanji font shape `JY1/gt/m/it' undefined
(Font)              No change on input line 50.
))


Overfull \vbox (16.5851pt too high) has occurred while \output is active []

 [23



] (./2024_hamaguchi_graduationthesis.aux (./chapters/abstract.aux) (./chapters/abstract_english.aux) (./chapters/introduction.aux) (./chapters/sec2.aux) (./chapters/sec3.aux) (./chapters/sec4.aux) (./chapters/sec5.aux) (./chapters/conclusion.aux) (./chapters/acknowledgement.aux) (./chapters/bibliography.aux))
 ***********
pLaTeX2e <2023-02-14>+1, based on
LaTeX2e <2024-11-01> patch level 2
L3 programming layer <2025-01-18>
 ***********
 ) 
Here is how much of TeX's memory you used:
 6276 strings out of 475318
 110747 string characters out of 5768461
 532470 words of memory out of 5000000
 29196 multiletter control sequences out of 15000+600000
 574210 words of font info for 95 fonts, out of 8000000 for 9000
 36 hyphenation exceptions out of 8191
 67i,16n,79p,454b,639s stack positions out of 10000i,1000n,20000p,200000b,200000s

Output written on 2024_hamaguchi_graduationthesis.dvi (27 pages, 97852 bytes).
